C:\USERS\SEANK\DESKTOP\DX10TUT29\ENGINE\DEBUG\ENGINE.EXE
C:\USERS\SEANK\DESKTOP\DX10TUT29\ENGINE\DEBUG\ENGINE.ILK
C:\USERS\SEANK\DESKTOP\DX10TUT29\ENGINE\DEBUG\ENGINE.PDB
C:\USERS\SEANK\DESKTOP\DX10TUT29\ENGINE\ENGINE\DEBUG\CAMERACLASS.OBJ
C:\Users\SeanK\Desktop\dx10tut29\Engine\Engine\Debug\cl.command.1.tlog
C:\Users\SeanK\Desktop\dx10tut29\Engine\Engine\Debug\CL.read.1.tlog
C:\Users\SeanK\Desktop\dx10tut29\Engine\Engine\Debug\CL.write.1.tlog
C:\USERS\SEANK\DESKTOP\DX10TUT29\ENGINE\ENGINE\DEBUG\D3DCLASS.OBJ
C:\Users\SeanK\Desktop\dx10tut29\Engine\Engine\Debug\Engine.exe.embed.manifest
C:\USERS\SEANK\DESKTOP\DX10TUT29\ENGINE\ENGINE\DEBUG\ENGINE.EXE.EMBED.MANIFEST.RES
C:\USERS\SEANK\DESKTOP\DX10TUT29\ENGINE\ENGINE\DEBUG\ENGINE.EXE.INTERMEDIATE.MANIFEST
C:\Users\SeanK\Desktop\dx10tut29\Engine\Engine\Debug\Engine_manifest.rc
C:\USERS\SEANK\DESKTOP\DX10TUT29\ENGINE\ENGINE\DEBUG\GRAPHICSCLASS.OBJ
C:\USERS\SEANK\DESKTOP\DX10TUT29\ENGINE\ENGINE\DEBUG\INPUTCLASS.OBJ
C:\USERS\SEANK\DESKTOP\DX10TUT29\ENGINE\ENGINE\DEBUG\LIGHTCLASS.OBJ
C:\USERS\SEANK\DESKTOP\DX10TUT29\ENGINE\ENGINE\DEBUG\LIGHTSHADERCLASS.OBJ
C:\Users\SeanK\Desktop\dx10tut29\Engine\Engine\Debug\link.command.1.tlog
C:\Users\SeanK\Desktop\dx10tut29\Engine\Engine\Debug\link.read.1.tlog
C:\Users\SeanK\Desktop\dx10tut29\Engine\Engine\Debug\link.write.1.tlog
C:\Users\SeanK\Desktop\dx10tut29\Engine\Engine\Debug\link-cvtres.read.1.tlog
C:\Users\SeanK\Desktop\dx10tut29\Engine\Engine\Debug\link-cvtres.write.1.tlog
C:\USERS\SEANK\DESKTOP\DX10TUT29\ENGINE\ENGINE\DEBUG\MAIN.OBJ
C:\USERS\SEANK\DESKTOP\DX10TUT29\ENGINE\ENGINE\DEBUG\MODELCLASS.OBJ
C:\Users\SeanK\Desktop\dx10tut29\Engine\Engine\Debug\mt.command.1.tlog
C:\Users\SeanK\Desktop\dx10tut29\Engine\Engine\Debug\mt.read.1.tlog
C:\Users\SeanK\Desktop\dx10tut29\Engine\Engine\Debug\mt.write.1.tlog
C:\Users\SeanK\Desktop\dx10tut29\Engine\Engine\Debug\rc.command.1.tlog
C:\Users\SeanK\Desktop\dx10tut29\Engine\Engine\Debug\rc.read.1.tlog
C:\Users\SeanK\Desktop\dx10tut29\Engine\Engine\Debug\rc.write.1.tlog
C:\USERS\SEANK\DESKTOP\DX10TUT29\ENGINE\ENGINE\DEBUG\REFRACTIONSHADERCLASS.OBJ
C:\USERS\SEANK\DESKTOP\DX10TUT29\ENGINE\ENGINE\DEBUG\RENDERTEXTURECLASS.OBJ
C:\USERS\SEANK\DESKTOP\DX10TUT29\ENGINE\ENGINE\DEBUG\SYSTEMCLASS.OBJ
C:\USERS\SEANK\DESKTOP\DX10TUT29\ENGINE\ENGINE\DEBUG\TEXTURECLASS.OBJ
C:\Users\SeanK\Desktop\dx10tut29\Engine\Engine\Debug\vc100.idb
C:\USERS\SEANK\DESKTOP\DX10TUT29\ENGINE\ENGINE\DEBUG\VC100.PDB
C:\Users\SeanK\Desktop\dx10tut29\Engine\Engine\Debug\vc90.idb
C:\Users\SeanK\Desktop\dx10tut29\Engine\Engine\Debug\vc90.pdb
C:\USERS\SEANK\DESKTOP\DX10TUT29\ENGINE\ENGINE\DEBUG\WATERSHADERCLASS.OBJ
